2024-09-09T22:36:39.440+07:00  INFO 25996 --- [Aplikasi APIstudycase Springbeaidil] [main] s.s.controller.StockControllerTest       : Starting StockControllerTest using Java 22.0.2 with PID 25996 (started by Aidil Adam in E:\Study Case BE BANK DKI\aplikasi-apistudycase-springbeaidil\aplikasi-apistudycase-springbeaidil)
2024-09-09T22:36:39.442+07:00  INFO 25996 --- [Aplikasi APIstudycase Springbeaidil] [main] s.s.controller.StockControllerTest       : No active profile set, falling back to 1 default profile: "default"
2024-09-09T22:36:40.458+07:00  INFO 25996 --- [Aplikasi APIstudycase Springbeaidil] [main] .s.d.r.c.RepositoryConfigurationDelegate : Bootstrapping Spring Data JPA repositories in DEFAULT mode.
2024-09-09T22:36:40.578+07:00  INFO 25996 --- [Aplikasi APIstudycase Springbeaidil] [main] .s.d.r.c.RepositoryConfigurationDelegate : Finished Spring Data repository scanning in 100 ms. Found 1 JPA repository interface.
2024-09-09T22:36:41.706+07:00  INFO 25996 --- [Aplikasi APIstudycase Springbeaidil] [main] o.s.b.w.embedded.tomcat.TomcatWebServer  : Tomcat initialized with port 0 (http)
2024-09-09T22:36:41.743+07:00  INFO 25996 --- [Aplikasi APIstudycase Springbeaidil] [main] o.apache.catalina.core.StandardService   : Starting service [Tomcat]
2024-09-09T22:36:41.744+07:00  INFO 25996 --- [Aplikasi APIstudycase Springbeaidil] [main] o.apache.catalina.core.StandardEngine    : Starting Servlet engine: [Apache Tomcat/10.1.28]
2024-09-09T22:36:41.938+07:00  INFO 25996 --- [Aplikasi APIstudycase Springbeaidil] [main] o.a.c.c.C.[Tomcat].[localhost].[/]       : Initializing Spring embedded WebApplicationContext
2024-09-09T22:36:41.939+07:00  INFO 25996 --- [Aplikasi APIstudycase Springbeaidil] [main] w.s.c.ServletWebServerApplicationContext : Root WebApplicationContext: initialization completed in 2480 ms
2024-09-09T22:36:42.320+07:00  INFO 25996 --- [Aplikasi APIstudycase Springbeaidil] [main] o.hibernate.jpa.internal.util.LogHelper  : HHH000204: Processing PersistenceUnitInfo [name: default]
2024-09-09T22:36:42.429+07:00  INFO 25996 --- [Aplikasi APIstudycase Springbeaidil] [main] org.hibernate.Version                    : HHH000412: Hibernate ORM core version 6.5.2.Final
2024-09-09T22:36:42.482+07:00  INFO 25996 --- [Aplikasi APIstudycase Springbeaidil] [main] o.h.c.internal.RegionFactoryInitiator    : HHH000026: Second-level cache disabled
2024-09-09T22:36:42.895+07:00  INFO 25996 --- [Aplikasi APIstudycase Springbeaidil] [main] o.s.o.j.p.SpringPersistenceUnitInfo      : No LoadTimeWeaver setup: ignoring JPA class transformer
2024-09-09T22:36:42.932+07:00  INFO 25996 --- [Aplikasi APIstudycase Springbeaidil] [main] com.zaxxer.hikari.HikariDataSource       : HikariPool-1 - Starting...
2024-09-09T22:36:43.422+07:00  INFO 25996 --- [Aplikasi APIstudycase Springbeaidil] [main] com.zaxxer.hikari.pool.HikariPool        : HikariPool-1 - Added connection com.mysql.cj.jdbc.ConnectionImpl@a7ae340
2024-09-09T22:36:43.428+07:00  INFO 25996 --- [Aplikasi APIstudycase Springbeaidil] [main] com.zaxxer.hikari.HikariDataSource       : HikariPool-1 - Start completed.
2024-09-09T22:36:44.654+07:00  INFO 25996 --- [Aplikasi APIstudycase Springbeaidil] [main] o.h.e.t.j.p.i.JtaPlatformInitiator       : HHH000489: No JTA platform available (set 'hibernate.transaction.jta.platform' to enable JTA platform integration)
2024-09-09T22:36:44.705+07:00  INFO 25996 --- [Aplikasi APIstudycase Springbeaidil] [main] j.LocalContainerEntityManagerFactoryBean : Initialized JPA EntityManagerFactory for persistence unit 'default'
2024-09-09T22:36:45.145+07:00  WARN 25996 --- [Aplikasi APIstudycase Springbeaidil] [main] JpaBaseConfiguration$JpaWebConfiguration : spring.jpa.open-in-view is enabled by default. Therefore, database queries may be performed during view rendering. Explicitly configure spring.jpa.open-in-view to disable this warning
2024-09-09T22:36:45.576+07:00  INFO 25996 --- [Aplikasi APIstudycase Springbeaidil] [main] o.a.c.c.C.[Tomcat].[localhost].[/]       : Initializing Spring TestDispatcherServlet ''
2024-09-09T22:36:45.577+07:00  INFO 25996 --- [Aplikasi APIstudycase Springbeaidil] [main] o.s.t.web.servlet.TestDispatcherServlet  : Initializing Servlet ''
2024-09-09T22:36:45.579+07:00  INFO 25996 --- [Aplikasi APIstudycase Springbeaidil] [main] o.s.t.web.servlet.TestDispatcherServlet  : Completed initialization in 2 ms
2024-09-09T22:36:45.664+07:00  INFO 25996 --- [Aplikasi APIstudycase Springbeaidil] [main] o.s.b.w.embedded.tomcat.TomcatWebServer  : Tomcat started on port 54856 (http) with context path '/'
2024-09-09T22:36:45.680+07:00  INFO 25996 --- [Aplikasi APIstudycase Springbeaidil] [main] s.s.controller.StockControllerTest       : Started StockControllerTest in 6.94 seconds (process running for 8.74)
2024-09-09T22:36:46.459+07:00  INFO 25996 --- [Aplikasi APIstudycase Springbeaidil] [SpringApplicationShutdownHook] j.LocalContainerEntityManagerFactoryBean : Closing JPA EntityManagerFactory for persistence unit 'default'
2024-09-09T22:36:46.461+07:00  INFO 25996 --- [Aplikasi APIstudycase Springbeaidil] [SpringApplicationShutdownHook] com.zaxxer.hikari.HikariDataSource       : HikariPool-1 - Shutdown initiated...
2024-09-09T22:36:46.483+07:00  INFO 25996 --- [Aplikasi APIstudycase Springbeaidil] [SpringApplicationShutdownHook] com.zaxxer.hikari.HikariDataSource       : HikariPool-1 - Shutdown completed.
2024-09-09T22:45:48.576+07:00  INFO 25592 --- [Aplikasi APIstudycase Springbeaidil] [main] s.s.controller.StockControllerTest       : Starting StockControllerTest using Java 22.0.2 with PID 25592 (started by Aidil Adam in E:\Study Case BE BANK DKI\aplikasi-apistudycase-springbeaidil\aplikasi-apistudycase-springbeaidil)
2024-09-09T22:45:48.576+07:00  INFO 25592 --- [Aplikasi APIstudycase Springbeaidil] [main] s.s.controller.StockControllerTest       : No active profile set, falling back to 1 default profile: "default"
2024-09-09T22:45:49.701+07:00  INFO 25592 --- [Aplikasi APIstudycase Springbeaidil] [main] .s.d.r.c.RepositoryConfigurationDelegate : Bootstrapping Spring Data JPA repositories in DEFAULT mode.
2024-09-09T22:45:49.769+07:00  INFO 25592 --- [Aplikasi APIstudycase Springbeaidil] [main] .s.d.r.c.RepositoryConfigurationDelegate : Finished Spring Data repository scanning in 66 ms. Found 1 JPA repository interface.
2024-09-09T22:45:50.663+07:00  INFO 25592 --- [Aplikasi APIstudycase Springbeaidil] [main] o.s.b.w.embedded.tomcat.TomcatWebServer  : Tomcat initialized with port 0 (http)
2024-09-09T22:45:50.679+07:00  INFO 25592 --- [Aplikasi APIstudycase Springbeaidil] [main] o.apache.catalina.core.StandardService   : Starting service [Tomcat]
2024-09-09T22:45:50.679+07:00  INFO 25592 --- [Aplikasi APIstudycase Springbeaidil] [main] o.apache.catalina.core.StandardEngine    : Starting Servlet engine: [Apache Tomcat/10.1.28]
2024-09-09T22:45:50.789+07:00  INFO 25592 --- [Aplikasi APIstudycase Springbeaidil] [main] o.a.c.c.C.[Tomcat].[localhost].[/]       : Initializing Spring embedded WebApplicationContext
2024-09-09T22:45:50.789+07:00  INFO 25592 --- [Aplikasi APIstudycase Springbeaidil] [main] w.s.c.ServletWebServerApplicationContext : Root WebApplicationContext: initialization completed in 2188 ms
2024-09-09T22:45:51.118+07:00  INFO 25592 --- [Aplikasi APIstudycase Springbeaidil] [main] o.hibernate.jpa.internal.util.LogHelper  : HHH000204: Processing PersistenceUnitInfo [name: default]
2024-09-09T22:45:51.228+07:00  INFO 25592 --- [Aplikasi APIstudycase Springbeaidil] [main] org.hibernate.Version                    : HHH000412: Hibernate ORM core version 6.5.2.Final
2024-09-09T22:45:51.291+07:00  INFO 25592 --- [Aplikasi APIstudycase Springbeaidil] [main] o.h.c.internal.RegionFactoryInitiator    : HHH000026: Second-level cache disabled
2024-09-09T22:45:51.715+07:00  INFO 25592 --- [Aplikasi APIstudycase Springbeaidil] [main] o.s.o.j.p.SpringPersistenceUnitInfo      : No LoadTimeWeaver setup: ignoring JPA class transformer
2024-09-09T22:45:51.761+07:00  INFO 25592 --- [Aplikasi APIstudycase Springbeaidil] [main] com.zaxxer.hikari.HikariDataSource       : HikariPool-1 - Starting...
2024-09-09T22:45:52.251+07:00  INFO 25592 --- [Aplikasi APIstudycase Springbeaidil] [main] com.zaxxer.hikari.pool.HikariPool        : HikariPool-1 - Added connection com.mysql.cj.jdbc.ConnectionImpl@11170228
2024-09-09T22:45:52.251+07:00  INFO 25592 --- [Aplikasi APIstudycase Springbeaidil] [main] com.zaxxer.hikari.HikariDataSource       : HikariPool-1 - Start completed.
2024-09-09T22:45:53.387+07:00  INFO 25592 --- [Aplikasi APIstudycase Springbeaidil] [main] o.h.e.t.j.p.i.JtaPlatformInitiator       : HHH000489: No JTA platform available (set 'hibernate.transaction.jta.platform' to enable JTA platform integration)
2024-09-09T22:45:53.435+07:00  INFO 25592 --- [Aplikasi APIstudycase Springbeaidil] [main] j.LocalContainerEntityManagerFactoryBean : Initialized JPA EntityManagerFactory for persistence unit 'default'
2024-09-09T22:45:53.842+07:00  WARN 25592 --- [Aplikasi APIstudycase Springbeaidil] [main] JpaBaseConfiguration$JpaWebConfiguration : spring.jpa.open-in-view is enabled by default. Therefore, database queries may be performed during view rendering. Explicitly configure spring.jpa.open-in-view to disable this warning
2024-09-09T22:45:54.286+07:00  INFO 25592 --- [Aplikasi APIstudycase Springbeaidil] [main] o.a.c.c.C.[Tomcat].[localhost].[/]       : Initializing Spring TestDispatcherServlet ''
2024-09-09T22:45:54.286+07:00  INFO 25592 --- [Aplikasi APIstudycase Springbeaidil] [main] o.s.t.web.servlet.TestDispatcherServlet  : Initializing Servlet ''
2024-09-09T22:45:54.302+07:00  INFO 25592 --- [Aplikasi APIstudycase Springbeaidil] [main] o.s.t.web.servlet.TestDispatcherServlet  : Completed initialization in 16 ms
2024-09-09T22:45:54.365+07:00  INFO 25592 --- [Aplikasi APIstudycase Springbeaidil] [main] o.s.b.w.embedded.tomcat.TomcatWebServer  : Tomcat started on port 54977 (http) with context path '/'
2024-09-09T22:45:54.380+07:00  INFO 25592 --- [Aplikasi APIstudycase Springbeaidil] [main] s.s.controller.StockControllerTest       : Started StockControllerTest in 6.477 seconds (process running for 8.518)
2024-09-09T22:45:55.134+07:00  INFO 25592 --- [Aplikasi APIstudycase Springbeaidil] [SpringApplicationShutdownHook] j.LocalContainerEntityManagerFactoryBean : Closing JPA EntityManagerFactory for persistence unit 'default'
2024-09-09T22:45:55.134+07:00  INFO 25592 --- [Aplikasi APIstudycase Springbeaidil] [SpringApplicationShutdownHook] com.zaxxer.hikari.HikariDataSource       : HikariPool-1 - Shutdown initiated...
2024-09-09T22:45:55.165+07:00  INFO 25592 --- [Aplikasi APIstudycase Springbeaidil] [SpringApplicationShutdownHook] com.zaxxer.hikari.HikariDataSource       : HikariPool-1 - Shutdown completed.
